#
# There is insufficient memory for the Java Runtime Environment to continue.
# Native memory allocation (malloc) failed to allocate 2831696 bytes for Chunk::new
# Possible reasons:
#   The system is out of physical RAM or swap space
#   The process is running with CompressedOops enabled, and the Java Heap may be blocking the growth of the native heap
# Possible solutions:
#   Reduce memory load on the system
#   Increase physical memory or swap space
#   Check if swap backing store is full
#   Decrease Java heap size (-Xmx/-Xms)
#   Decrease number of Java threads
#   Decrease Java thread stack sizes (-Xss)
#   Set larger code cache with -XX:ReservedCodeCacheSize=
#   JVM is running with Unscaled Compressed Oops mode in which the Java heap is
#     placed in the first 4GB address space. The Java Heap base address is the
#     maximum limit for the native heap growth. Please use -XX:HeapBaseMinAddress
#     to set the Java Heap base and to place the Java Heap above 4GB virtual address.
# This output file may be truncated or incomplete.
#
#  Out of Memory Error (./src/hotspot/share/memory/arena.cpp:197), pid=13156, tid=16612
#
# JRE version: OpenJDK Runtime Environment Corretto-11.0.17.8.1 (11.0.17+8) (build 11.0.17+8-LTS)
# Java VM: OpenJDK 64-Bit Server VM Corretto-11.0.17.8.1 (11.0.17+8-LTS, mixed mode, tiered, compressed oops, g1 gc, windows-amd64)
# No core dump will be written. Minidumps are not enabled by default on client versions of Windows
#

---------------  S U M M A R Y ------------

Command Line: -javaagent:C:\Program Files\JetBrains\IntelliJ IDEA Community Edition 2022.3\lib\idea_rt.jar=56925:C:\Program Files\JetBrains\IntelliJ IDEA Community Edition 2022.3\bin -Dfile.encoding=UTF-8 ru.practicum.exploreWithMe.EwmApp

Host: AMD Athlon Gold 3150U with Radeon Graphics     , 4 cores, 3G,  Windows 10 , 64 bit Build 19041 (10.0.19041.1023)
Time: Fri Sep 29 12:44:07 2023 RTZ 2 (s 10 , 64 bit Build 19041 (10.0.19041.1023) elapsed time: 19.261877 seconds (0d 0h 0m 19s)

---------------  T H R E A D  ---------------

Current thread (0x0000017e291e7000):  JavaThread "C2 CompilerThread0" daemon [_thread_in_native, id=16612, stack(0x000000484fd00000,0x000000484fe00000)]


Current CompileTask:
C2:  19261 5939   !   4       org.springframework.core.annotation.AnnotationsScanner::processMethodHierarchy (276 bytes)

Stack: [0x000000484fd00000,0x000000484fe00000]
Native frames: (J=compiled Java code, j=interpreted, Vv=VM code, C=native code)
V  [jvm.dll+0x61f66a]
V  [jvm.dll+0x7ac889]
V  [jvm.dll+0x7adf78]
V  [jvm.dll+0x7ae653]
V  [jvm.dll+0x24fbe8]
V  [jvm.dll+0xc262c]
V  [jvm.dll+0xc2bec]
V  [jvm.dll+0x35a037]
V  [jvm.dll+0x19eac1]
V  [jvm.dll+0x209165]
V  [jvm.dll+0x20818d]
V  [jvm.dll+0x18a3c1]
V  [jvm.dll+0x217894]
V  [jvm.dll+0x215adb]
V  [jvm.dll+0x76f380]
V  [jvm.dll+0x7682b4]
V  [jvm.dll+0x61e4d5]
C  [ucrtbase.dll+0x21bb2]
C  [KERNEL32.DLL+0x17034]
C  [ntdll.dll+0x52651]


---------------  P R O C E S S  ---------------

Threads class SMR info:
_java_thread_list=0x0000017e2c432570, length=27, elements={
0x0000017e2917f000, 0x0000017e29188800, 0x0000017e291de800, 0x0000017e291e1000,
0x0000017e291e2000, 0x0000017e291e7000, 0x0000017e291f8000, 0x0000017e29203000,
0x0000017e29123800, 0x0000017e29640800, 0x0000017e296b7800, 0x0000017e296bc800,
0x0000017e296b9800, 0x0000017e296bb800, 0x0000017e296b7000, 0x0000017e296bd800,
0x0000017e296ba000, 0x0000017e2e5b9000, 0x0000017e2e5b5000, 0x0000017e2e5b7800,
0x0000017e2e5b8000, 0x0000017e2e5b4000, 0x0000017e2e5ba000, 0x0000017e2e5ba800,
0x0000017e2e5bb800, 0x0000017e2e5b6000, 0x0000017e2e5bc800
}

Java Threads: ( => current thread )
  0x0000017e2917f000 JavaThread "Reference Handler" daemon [_thread_blocked, id=21276, stack(0x000000484f800000,0x000000484f900000)]
  0x0000017e29188800 JavaThread "Finalizer" daemon [_thread_blocked, id=15764, stack(0x000000484f900000,0x000000484fa00000)]
  0x0000017e291de800 JavaThread "Signal Dispatcher" daemon [_thread_blocked, id=18480, stack(0x000000484fa00000,0x000000484fb00000)]
  0x0000017e291e1000 JavaThread "Attach Listener" daemon [_thread_blocked, id=2160, stack(0x000000484fb00000,0x000000484fc00000)]
  0x0000017e291e2000 JavaThread "Service Thread" daemon [_thread_blocked, id=20292, stack(0x000000484fc00000,0x000000484fd00000)]
=>0x0000017e291e7000 JavaThread "C2 CompilerThread0" daemon [_thread_in_native, id=16612, stack(0x000000484fd00000,0x000000484fe00000)]
  0x0000017e291f8000 JavaThread "C1 CompilerThread0" daemon [_thread_blocked, id=10124, stack(0x000000484fe00000,0x000000484ff00000)]
  0x0000017e29203000 JavaThread "Sweeper thread" daemon [_thread_blocked, id=2580, stack(0x000000484ff00000,0x0000004850000000)]
  0x0000017e29123800 JavaThread "Common-Cleaner" daemon [_thread_blocked, id=6036, stack(0x0000004850000000,0x0000004850100000)]
  0x0000017e29640800 JavaThread "Monitor Ctrl-Break" daemon [_thread_in_native, id=984, stack(0x0000004850100000,0x0000004850200000)]
  0x0000017e296b7800 JavaThread "Catalina-utility-1" [_thread_blocked, id=10140, stack(0x0000004850400000,0x0000004850500000)]
  0x0000017e296bc800 JavaThread "Catalina-utility-2" [_thread_blocked, id=20536, stack(0x0000004850700000,0x0000004850800000)]
  0x0000017e296b9800 JavaThread "container-0" [_thread_blocked, id=21300, stack(0x0000004850800000,0x0000004850900000)]
  0x0000017e296bb800 JavaThread "HikariPool-1 housekeeper" daemon [_thread_blocked, id=9388, stack(0x0000004850a00000,0x0000004850b00000)]
  0x0000017e296b7000 JavaThread "http-nio-8080-exec-1" daemon [_thread_blocked, id=11720, stack(0x0000004850b00000,0x0000004850c00000)]
  0x0000017e296bd800 JavaThread "http-nio-8080-exec-2" daemon [_thread_blocked, id=12340, stack(0x0000004850c00000,0x0000004850d00000)]
  0x0000017e296ba000 JavaThread "http-nio-8080-exec-3" daemon [_thread_blocked, id=12648, stack(0x0000004850d00000,0x0000004850e00000)]
  0x0000017e2e5b9000 JavaThread "http-nio-8080-exec-4" daemon [_thread_blocked, id=17948, stack(0x0000004850e00000,0x0000004850f00000)]
  0x0000017e2e5b5000 JavaThread "http-nio-8080-exec-5" daemon [_thread_blocked, id=12744, stack(0x0000004850f00000,0x0000004851000000)]
  0x0000017e2e5b7800 JavaThread "http-nio-8080-exec-6" daemon [_thread_blocked, id=10932, stack(0x0000004851000000,0x0000004851100000)]
  0x0000017e2e5b8000 JavaThread "http-nio-8080-exec-7" daemon [_thread_blocked, id=8024, stack(0x0000004851100000,0x0000004851200000)]
  0x0000017e2e5b4000 JavaThread "http-nio-8080-exec-8" daemon [_thread_blocked, id=1252, stack(0x0000004851200000,0x0000004851300000)]
  0x0000017e2e5ba000 JavaThread "http-nio-8080-exec-9" daemon [_thread_blocked, id=20992, stack(0x0000004851300000,0x0000004851400000)]
  0x0000017e2e5ba800 JavaThread "http-nio-8080-exec-10" daemon [_thread_blocked, id=9488, stack(0x0000004851400000,0x0000004851500000)]
  0x0000017e2e5bb800 JavaThread "http-nio-8080-Poller" daemon [_thread_in_native, id=20484, stack(0x0000004851500000,0x0000004851600000)]
  0x0000017e2e5b6000 JavaThread "http-nio-8080-Acceptor" daemon [_thread_in_native, id=11160, stack(0x0000004851600000,0x0000004851700000)]
  0x0000017e2e5bc800 JavaThread "DestroyJavaVM" [_thread_blocked, id=16980, stack(0x000000484f100000,0x000000484f200000)]

Other Threads:
  0x0000017e2915b000 VMThread "VM Thread" [stack: 0x000000484f700000,0x000000484f800000] [id=16172]
  0x0000017e2972c800 WatcherThread [stack: 0x0000004850200000,0x0000004850300000] [id=14520]
  0x0000017e0cd5e000 GCTaskThread "GC Thread#0" [stack: 0x000000484f200000,0x000000484f300000] [id=15164]
  0x0000017e29dea000 GCTaskThread "GC Thread#1" [stack: 0x0000004850300000,0x0000004850400000] [id=21384]
  0x0000017e2a44e000 GCTaskThread "GC Thread#2" [stack: 0x0000004850500000,0x0000004850600000] [id=8132]
  0x0000017e2a48b800 GCTaskThread "GC Thread#3" [stack: 0x0000004850600000,0x0000004850700000] [id=12060]
  0x0000017e0cd77800 ConcurrentGCThread "G1 Main Marker" [stack: 0x000000484f300000,0x000000484f400000] [id=10164]
  0x0000017e0cd79000 ConcurrentGCThread "G1 Conc#0" [stack: 0x000000484f400000,0x000000484f500000] [id=11960]
  0x0000017e0cdbf000 ConcurrentGCThread "G1 Refine#0" [stack: 0x000000484f500000,0x000000484f600000] [id=1140]
  0x0000017e0cdc0000 ConcurrentGCThread "G1 Young RemSet Sampling" [stack: 0x000000484f600000,0x000000484f700000] [id=8492]

Threads with active compile tasks:
C2 CompilerThread0    19308 5939   !   4       org.springframework.core.annotation.AnnotationsScanner::processMethodHierarchy (276 bytes)

VM state:not at safepoint (normal execution)

VM Mutex/Monitor currently owned by a thread: None

Heap address: 0x00000000c8e00000, size: 882 MB, Compressed Oops mode: 32-bit
Narrow klass base: 0x0000000000000000, Narrow klass shift: 3
Compressed class space size: 1073741824 Address: 0x0000000100000000

Heap:
 garbage-first heap   total 69632K, used 42983K [0x00000000c8e00000, 0x0000000100000000)
  region size 1024K, 18 young (18432K), 4 survivors (4096K)
 Metaspace       used 70347K, capacity 72466K, committed 72524K, reserved 1112064K
  class space    used 8953K, capacity 9800K, committed 9856K, reserved 1048576K
Heap Regions: E=young(eden), S=young(survivor), O=old, HS=humongous(starts), HC=humongous(continues), CS=collection set, F=free, A=archive, TAMS=top-at-mark-start (previous, next)
|   0|0x00000000c8e00000, 0x00000000c8f00000, 0x00000000c8f00000|100%|HS|  |TAMS 0x00000000c8f00000, 0x00000000c8e00000| Complete 
|   1|0x00000000c8f00000, 0x00000000c9000000, 0x00000000c9000000|100%| O|  |TAMS 0x00000000c9000000, 0x00000000c8f00000| Untracked 
|   2|0x00000000c9000000, 0x00000000c9100000, 0x00000000c9100000|100%| O|  |TAMS 0x00000000c9100000, 0x00000000c9000000| Untracked 
|   3|0x00000000c9100000, 0x00000000c9200000, 0x00000000c9200000|100%| O|  |TAMS 0x00000000c9200000, 0x00000000c9100000| Untracked 
|   4|0x00000000c9200000, 0x00000000c9300000, 0x00000000c9300000|100%| O|  |TAMS 0x00000000c9300000, 0x00000000c9200000| Untracked 
|   5|0x00000000c9300000, 0x00000000c9400000, 0x00000000c9400000|100%| O|  |TAMS 0x00000000c9400000, 0x00000000c9300000| Untracked 
|   6|0x00000000c9400000, 0x00000000c9500000, 0x00000000c9500000|100%| O|  |TAMS 0x00000000c9500000, 0x00000000c9400000| Untracked 
|   7|0x00000000c9500000, 0x00000000c9600000, 0x00000000c9600000|100%| O|  |TAMS 0x00000000c9600000, 0x00000000c9500000| Untracked 
|   8|0x00000000c9600000, 0x00000000c9700000, 0x00000000c9700000|100%| O|  |TAMS 0x00000000c9700000, 0x00000000c9600000| Untracked 
|   9|0x00000000c9700000, 0x00000000c9800000, 0x00000000c9800000|100%| O|  |TAMS 0x00000000c9800000, 0x00000000c9700000| Untracked 
|  10|0x00000000c9800000, 0x00000000c9900000, 0x00000000c9900000|100%| O|  |TAMS 0x00000000c9900000, 0x00000000c9800000| Untracked 
|  11|0x00000000c9900000, 0x00000000c9a00000, 0x00000000c9a00000|100%| O|  |TAMS 0x00000000c9a00000, 0x00000000c9900000| Untracked 
|  12|0x00000000c9a00000, 0x00000000c9b00000, 0x00000000c9b00000|100%| O|  |TAMS 0x00000000c9b00000, 0x00000000c9a00000| Untracked 
|  13|0x00000000c9b00000, 0x00000000c9c00000, 0x00000000c9c00000|100%| O|  |TAMS 0x00000000c9c00000, 0x00000000c9b00000| Untracked 
|  14|0x00000000c9c00000, 0x00000000c9d00000, 0x00000000c9d00000|100%| O|  |TAMS 0x00000000c9d00000, 0x00000000c9c00000| Untracked 
|  15|0x00000000c9d00000, 0x00000000c9e00000, 0x00000000c9e00000|100%| O|  |TAMS 0x00000000c9e00000, 0x00000000c9d00000| Untracked 
|  16|0x00000000c9e00000, 0x00000000c9f00000, 0x00000000c9f00000|100%| O|  |TAMS 0x00000000c9f00000, 0x00000000c9e00000| Untracked 
|  17|0x00000000c9f00000, 0x00000000ca000000, 0x00000000ca000000|100%| O|  |TAMS 0x00000000ca000000, 0x00000000c9f00000| Untracked 
|  18|0x00000000ca000000, 0x00000000ca100000, 0x00000000ca100000|100%| O|  |TAMS 0x00000000ca100000, 0x00000000ca000000| Untracked 
|  19|0x00000000ca100000, 0x00000000ca200000, 0x00000000ca200000|100%| O|  |TAMS 0x00000000ca200000, 0x00000000ca100000| Untracked 
|  20|0x00000000ca200000, 0x00000000ca300000, 0x00000000ca300000|100%| O|  |TAMS 0x00000000ca300000, 0x00000000ca200000| Untracked 
|  21|0x00000000ca300000, 0x00000000ca400000, 0x00000000ca400000|100%| O|  |TAMS 0x00000000ca300000, 0x00000000ca300000| Untracked 
|  22|0x00000000ca400000, 0x00000000ca500000, 0x00000000ca500000|100%| O|  |TAMS 0x00000000ca400000, 0x00000000ca400000| Untracked 
|  23|0x00000000ca500000, 0x00000000ca600000, 0x00000000ca600000|100%| O|  |TAMS 0x00000000ca500000, 0x00000000ca500000| Untracked 
|  24|0x00000000ca600000, 0x00000000ca700000, 0x00000000ca700000|100%| O|  |TAMS 0x00000000ca600000, 0x00000000ca600000| Untracked 
|  25|0x00000000ca700000, 0x00000000ca7d4a00, 0x00000000ca800000| 83%| O|  |TAMS 0x00000000ca700000, 0x00000000ca700000| Untracked 
|  26|0x00000000ca800000, 0x00000000ca800000, 0x00000000ca900000|  0%| F|  |TAMS 0x00000000ca800000, 0x00000000ca800000| Untracked 
|  27|0x00000000ca900000, 0x00000000ca900000, 0x00000000caa00000|  0%| F|  |TAMS 0x00000000ca900000, 0x00000000ca900000| Untracked 
|  28|0x00000000caa00000, 0x00000000caa00000, 0x00000000cab00000|  0%| F|  |TAMS 0x00000000caa00000, 0x00000000caa00000| Untracked 
|  29|0x00000000cab00000, 0x00000000cab00000, 0x00000000cac00000|  0%| F|  |TAMS 0x00000000cab00000, 0x00000000cab00000| Untracked 
|  30|0x00000000cac00000, 0x00000000cac00000, 0x00000000cad00000|  0%| F|  |TAMS 0x00000000cac00000, 0x00000000cac00000| Untracked 
|  31|0x00000000cad00000, 0x00000000cad00000, 0x00000000cae00000|  0%| F|  |TAMS 0x00000000cad00000, 0x00000000cad00000| Untracked 
|  32|0x00000000cae00000, 0x00000000cae00000, 0x00000000caf00000|  0%| F|  |TAMS 0x00000000cae00000, 0x00000000cae00000| Untracked 
|  33|0x00000000caf00000, 0x00000000caf00000, 0x00000000cb000000|  0%| F|  |TAMS 0x00000000caf00000, 0x00000000caf00000| Untracked 
|  34|0x00000000cb000000, 0x00000000cb000000, 0x00000000cb100000|  0%| F|  |TAMS 0x00000000cb000000, 0x00000000cb000000| Untracked 
|  35|0x00000000cb100000, 0x00000000cb100000, 0x00000000cb200000|  0%| F|  |TAMS 0x00000000cb100000, 0x00000000cb100000| Untracked 
|  36|0x00000000cb200000, 0x00000000cb2254f8, 0x00000000cb300000| 14%| S|CS|TAMS 0x00000000cb200000, 0x00000000cb200000| Complete 
|  37|0x00000000cb300000, 0x00000000cb300000, 0x00000000cb400000|  0%| F|  |TAMS 0x00000000cb300000, 0x00000000cb300000| Untracked 
|  38|0x00000000cb400000, 0x00000000cb400000, 0x00000000cb500000|  0%| F|  |TAMS 0x00000000cb400000, 0x00000000cb400000| Untracked 
|  39|0x00000000cb500000, 0x00000000cb600000, 0x00000000cb600000|100%| S|CS|TAMS 0x00000000cb500000, 0x00000000cb500000| Complete 
|  40|0x00000000cb600000, 0x00000000cb700000, 0x00000000cb700000|100%| S|CS|TAMS 0x00000000cb600000, 0x00000000cb600000| Complete 
|  41|0x00000000cb700000, 0x00000000cb800000, 0x00000000cb800000|100%| S|CS|TAMS 0x00000000cb700000, 0x00000000cb700000| Complete 
|  42|0x00000000cb800000, 0x00000000cb800000, 0x00000000cb900000|  0%| F|  |TAMS 0x00000000cb800000, 0x00000000cb800000| Untracked 
|  43|0x00000000cb900000, 0x00000000cb900000, 0x00000000cba00000|  0%| F|  |TAMS 0x00000000cb900000, 0x00000000cb900000| Untracked 
|  44|0x00000000cba00000, 0x00000000cba00000, 0x00000000cbb00000|  0%| F|  |TAMS 0x00000000cba00000, 0x00000000cba00000| Untracked 
|  45|0x00000000cbb00000, 0x00000000cbb00000, 0x00000000cbc00000|  0%| F|  |TAMS 0x00000000cbb00000, 0x00000000cbb00000| Untracked 
|  46|0x00000000cbc00000, 0x00000000cbc00000, 0x00000000cbd00000|  0%| F|  |TAMS 0x00000000cbc00000, 0x00000000cbc00000| Untracked 
|  47|0x00000000cbd00000, 0x00000000cbd00000, 0x00000000cbe00000|  0%| F|  |TAMS 0x00000000cbd00000, 0x00000000cbd00000| Untracked 
|  48|0x00000000cbe00000, 0x00000000cbe00000, 0x00000000cbf00000|  0%| F|  |TAMS 0x00000000cbe00000, 0x00000000cbe00000| Untracked 
|  49|0x00000000cbf00000, 0x00000000cbf00000, 0x00000000cc000000|  0%| F|  |TAMS 0x00000000cbf00000, 0x00000000cbf00000| Untracked 
|  50|0x00000000cc000000, 0x00000000cc000000, 0x00000000cc100000|  0%| F|  |TAMS 0x00000000cc000000, 0x00000000cc000000| Untracked 
|  51|0x00000000cc100000, 0x00000000cc100000, 0x00000000cc200000|  0%| F|  |TAMS 0x00000000cc100000, 0x00000000cc100000| Untracked 
|  52|0x00000000cc200000, 0x00000000cc200000, 0x00000000cc300000|  0%| F|  |TAMS 0x00000000cc200000, 0x00000000cc200000| Untracked 
|  53|0x00000000cc300000, 0x00000000cc300000, 0x00000000cc400000|  0%| F|  |TAMS 0x00000000cc300000, 0x00000000cc300000| Untracked 
|  54|0x00000000cc400000, 0x00000000cc4b5250, 0x00000000cc500000| 70%| E|  |TAMS 0x00000000cc400000, 0x00000000cc400000| Complete 
|  55|0x00000000cc500000, 0x00000000cc600000, 0x00000000cc600000|100%| E|CS|TAMS 0x00000000cc500000, 0x00000000cc500000| Complete 
|  56|0x00000000cc600000, 0x00000000cc700000, 0x00000000cc700000|100%| E|CS|TAMS 0x00000000cc600000, 0x00000000cc600000| Complete 
|  57|0x00000000cc700000, 0x00000000cc800000, 0x00000000cc800000|100%| E|CS|TAMS 0x00000000cc700000, 0x00000000cc700000| Complete 
|  58|0x00000000cc800000, 0x00000000cc900000, 0x00000000cc900000|100%| E|CS|TAMS 0x00000000cc800000, 0x00000000cc800000| Complete 
|  59|0x00000000cc900000, 0x00000000cca00000, 0x00000000cca00000|100%| E|CS|TAMS 0x00000000cc900000, 0x00000000cc900000| Complete 
|  60|0x00000000cca00000, 0x00000000ccb00000, 0x00000000ccb00000|100%| E|CS|TAMS 0x00000000cca00000, 0x00000000cca00000| Complete 
|  61|0x00000000ccb00000, 0x00000000ccc00000, 0x00000000ccc00000|100%| E|CS|TAMS 0x00000000ccb00000, 0x00000000ccb00000| Complete 
|  62|0x00000000ccc00000, 0x00000000ccd00000, 0x00000000ccd00000|100%| E|CS|TAMS 0x00000000ccc00000, 0x00000000ccc00000| Complete 
|  63|0x00000000ccd00000, 0x00000000cce00000, 0x00000000cce00000|100%| E|CS|TAMS 0x00000000ccd00000, 0x00000000ccd00000| Complete 
|  64|0x00000000cce00000, 0x00000000ccf00000, 0x00000000ccf00000|100%| E|CS|TAMS 0x00000000cce00000, 0x00000000cce00000| Complete 
|  65|0x00000000ccf00000, 0x00000000cd000000, 0x00000000cd000000|100%| E|CS|TAMS 0x00000000ccf00000, 0x00000000ccf00000| Complete 
|  66|0x00000000cd000000, 0x00000000cd100000, 0x00000000cd100000|100%| E|CS|TAMS 0x00000000cd000000, 0x00000000cd000000| Complete 
|  67|0x00000000cd100000, 0x00000000cd200000, 0x00000000cd200000|100%| E|CS|TAMS 0x00000000cd100000, 0x00000000cd100000| Complete 

Card table byte_map: [0x0000017e244c0000,0x0000017e24680000] _byte_map_base: 0x0000017e23e79000

Marking Bits (Prev, Next): (CMBitMap*) 0x0000017e0cd733a0, (CMBitMap*) 0x0000017e0cd73368
 Prev Bits: [0x0000017e25610000, 0x0000017e263d8000)
 Next Bits: [0x0000017e24840000, 0x0000017e25608000)

Polling page: 0x0000017e0ad30000

Metaspace:

Usage:
  Non-class:     61.20 MB capacity,    59.96 MB ( 98%) used,  1009.32 KB (  2%) free+waste,   262.63 KB ( <1%) overhead. 
      Class:      9.57 MB capacity,     8.74 MB ( 91%) used,   721.80 KB (  7%) free+waste,   124.63 KB (  1%) overhead. 
       Both:     70.77 MB capacity,    68.70 MB ( 97%) used,     1.69 MB (  2%) free+waste,   387.25 KB ( <1%) overhead. 

Virtual space:
  Non-class space:       62.00 MB reserved,      61.20 MB ( 99%) committed 
      Class space:        1.00 GB reserved,       9.63 MB ( <1%) committed 
             Both:        1.06 GB reserved,      70.82 MB (  7%) committed 

Chunk freelists:
   Non-Class:  2.00 KB
       Class:  0 bytes
        Both:  2.00 KB

MaxMetaspaceSize: 17179869184.00 GB
CompressedClassSpaceSize: 1.00 GB
Initial GC threshold: 20.80 MB
Current GC threshold: 98.67 MB
CDS: off

CodeHeap 'non-profiled nmethods': size=120064Kb used=3245Kb max_used=3245Kb free=116818Kb
 bounds [0x0000017e1cf80000, 0x0000017e1d2b0000, 0x0000017e244c0000]
CodeHeap 'profiled nmethods': size=120000Kb used=12881Kb max_used=12881Kb free=107118Kb
 bounds [0x0000017e15a50000, 0x0000017e166f0000, 0x0000017e1cf80000]
CodeHeap 'non-nmethods': size=5696Kb used=1311Kb max_used=1356Kb free=4384Kb
 bounds [0x0000017e154c0000, 0x0000017e15730000, 0x0000017e15a50000]
 total_blobs=6780 nmethods=6171 adapters=520
 compilation: enabled
              stopped_count=0, restarted_count=0
 full_count=0

Compilation events (20 events):
Event: 18.224 Thread 0x0000017e291f8000 6348       2       java.util.TreeMap::entrySet (27 bytes)
Event: 18.224 Thread 0x0000017e291f8000 nmethod 6348 0x0000017e166e2390 code [0x0000017e166e2540, 0x0000017e166e2758]
Event: 18.224 Thread 0x0000017e291f8000 6349       2       java.util.TreeMap$EntrySet::<init> (10 bytes)
Event: 18.224 Thread 0x0000017e291f8000 nmethod 6349 0x0000017e166e2810 code [0x0000017e166e29c0, 0x0000017e166e2af8]
Event: 18.227 Thread 0x0000017e291f8000 6350       2       javax.management.StandardMBean::equal (23 bytes)
Event: 18.228 Thread 0x0000017e291f8000 nmethod 6350 0x0000017e166e2b90 code [0x0000017e166e2d40, 0x0000017e166e2e88]
Event: 18.236 Thread 0x0000017e291f8000 6352       2       io.micrometer.core.instrument.Tags::hashCode (37 bytes)
Event: 18.236 Thread 0x0000017e291f8000 nmethod 6352 0x0000017e166e2f10 code [0x0000017e166e30e0, 0x0000017e166e32c8]
Event: 18.236 Thread 0x0000017e291f8000 6351       2       io.micrometer.core.instrument.Meter$Id::hashCode (23 bytes)
Event: 18.236 Thread 0x0000017e291f8000 nmethod 6351 0x0000017e166e3410 code [0x0000017e166e35e0, 0x0000017e166e3738]
Event: 18.238 Thread 0x0000017e291f8000 6353       2       java.util.IdentityHashMap::put (137 bytes)
Event: 18.238 Thread 0x0000017e291f8000 nmethod 6353 0x0000017e166e3890 code [0x0000017e166e3a80, 0x0000017e166e4018]
Event: 18.238 Thread 0x0000017e291f8000 6354       2       java.util.IdentityHashMap::capacity (29 bytes)
Event: 18.239 Thread 0x0000017e291f8000 nmethod 6354 0x0000017e166e4290 code [0x0000017e166e4440, 0x0000017e166e4588]
Event: 18.478 Thread 0x0000017e291e7000 nmethod 6053 0x0000017e1d28f890 code [0x0000017e1d290220, 0x0000017e1d299330]
Event: 18.478 Thread 0x0000017e291e7000 6203       4       org.springframework.core.ResolvableType::resolveClass (73 bytes)
Event: 18.864 Thread 0x0000017e291e7000 nmethod 6203 0x0000017e1d29e310 code [0x0000017e1d29eca0, 0x0000017e1d2a6eb8]
Event: 18.865 Thread 0x0000017e291e7000 6280       4       java.util.TreeMap::successor (66 bytes)
Event: 18.866 Thread 0x0000017e291e7000 nmethod 6280 0x0000017e1d2ab390 code [0x0000017e1d2ab520, 0x0000017e1d2ab5f8]
Event: 18.866 Thread 0x0000017e291e7000 5939   !   4       org.springframework.core.annotation.AnnotationsScanner::processMethodHierarchy (276 bytes)

GC Heap History (20 events):
Event: 10.968 GC heap before
{Heap before GC invocations=14 (full 0):
 garbage-first heap   total 69632K, used 51713K [0x00000000c8e00000, 0x0000000100000000)
  region size 1024K, 37 young (37888K), 4 survivors (4096K)
 Metaspace       used 43637K, capacity 44864K, committed 44928K, reserved 1089536K
  class space    used 5259K, capacity 5754K, committed 5760K, reserved 1048576K
}
Event: 10.976 GC heap after
{Heap after GC invocations=15 (full 0):
 garbage-first heap   total 69632K, used 19815K [0x00000000c8e00000, 0x0000000100000000)
  region size 1024K, 4 young (4096K), 4 survivors (4096K)
 Metaspace       used 43637K, capacity 44864K, committed 44928K, reserved 1089536K
  class space    used 5259K, capacity 5754K, committed 5760K, reserved 1048576K
}
Event: 13.019 GC heap before
{Heap before GC invocations=15 (full 0):
 garbage-first heap   total 69632K, used 52583K [0x00000000c8e00000, 0x0000000100000000)
  region size 1024K, 36 young (36864K), 4 survivors (4096K)
 Metaspace       used 48429K, capacity 49907K, committed 50048K, reserved 1093632K
  class space    used 5912K, capacity 6517K, committed 6528K, reserved 1048576K
}
Event: 13.027 GC heap after
{Heap after GC invocations=16 (full 0):
 garbage-first heap   total 69632K, used 21527K [0x00000000c8e00000, 0x0000000100000000)
  region size 1024K, 4 young (4096K), 4 survivors (4096K)
 Metaspace       used 48429K, capacity 49907K, committed 50048K, reserved 1093632K
  class space    used 5912K, capacity 6517K, committed 6528K, reserved 1048576K
}
Event: 13.941 GC heap before
{Heap before GC invocations=16 (full 0):
 garbage-first heap   total 69632K, used 53271K [0x00000000c8e00000, 0x0000000100000000)
  region size 1024K, 35 young (35840K), 4 survivors (4096K)
 Metaspace       used 53122K, capacity 54522K, committed 54656K, reserved 1097728K
  class space    used 6659K, capacity 7242K, committed 7296K, reserved 1048576K
}
Event: 13.948 GC heap after
{Heap after GC invocations=17 (full 0):
 garbage-first heap   total 69632K, used 22902K [0x00000000c8e00000, 0x0000000100000000)
  region size 1024K, 3 young (3072K), 3 survivors (3072K)
 Metaspace       used 53122K, capacity 54522K, committed 54656K, reserved 1097728K
  class space    used 6659K, capacity 7242K, committed 7296K, reserved 1048576K
}
Event: 14.915 GC heap before
{Heap before GC invocations=17 (full 0):
 garbage-first heap   total 69632K, used 54646K [0x00000000c8e00000, 0x0000000100000000)
  region size 1024K, 34 young (34816K), 3 survivors (3072K)
 Metaspace       used 57904K, capacity 59443K, committed 59776K, reserved 1101824K
  class space    used 7369K, capacity 7985K, committed 8064K, reserved 1048576K
}
Event: 14.921 GC heap after
{Heap after GC invocations=18 (full 0):
 garbage-first heap   total 69632K, used 23496K [0x00000000c8e00000, 0x0000000100000000)
  region size 1024K, 2 young (2048K), 2 survivors (2048K)
 Metaspace       used 57904K, capacity 59443K, committed 59776K, reserved 1101824K
  class space    used 7369K, capacity 7985K, committed 8064K, reserved 1048576K
}
Event: 15.110 GC heap before
{Heap before GC invocations=18 (full 0):
 garbage-first heap   total 69632K, used 30664K [0x00000000c8e00000, 0x0000000100000000)
  region size 1024K, 10 young (10240K), 2 survivors (2048K)
 Metaspace       used 58563K, capacity 60075K, committed 60288K, reserved 1101824K
  class space    used 7445K, capacity 8062K, committed 8064K, reserved 1048576K
}
Event: 15.116 GC heap after
{Heap after GC invocations=19 (full 0):
 garbage-first heap   total 69632K, used 23649K [0x00000000c8e00000, 0x0000000100000000)
  region size 1024K, 3 young (3072K), 3 survivors (3072K)
 Metaspace       used 58563K, capacity 60075K, committed 60288K, reserved 1101824K
  class space    used 7445K, capacity 8062K, committed 8064K, reserved 1048576K
}
Event: 15.735 GC heap before
{Heap before GC invocations=20 (full 0):
 garbage-first heap   total 69632K, used 47201K [0x00000000c8e00000, 0x0000000100000000)
  region size 1024K, 26 young (26624K), 3 survivors (3072K)
 Metaspace       used 60958K, capacity 62585K, committed 62796K, reserved 1103872K
  class space    used 7805K, capacity 8453K, committed 8576K, reserved 1048576K
}
Event: 15.741 GC heap after
{Heap after GC invocations=21 (full 0):
 garbage-first heap   total 69632K, used 24576K [0x00000000c8e00000, 0x0000000100000000)
  region size 1024K, 3 young (3072K), 3 survivors (3072K)
 Metaspace       used 60958K, capacity 62585K, committed 62796K, reserved 1103872K
  class space    used 7805K, capacity 8453K, committed 8576K, reserved 1048576K
}
Event: 16.168 GC heap before
{Heap before GC invocations=21 (full 0):
 garbage-first heap   total 69632K, used 49152K [0x00000000c8e00000, 0x0000000100000000)
  region size 1024K, 27 young (27648K), 3 survivors (3072K)
 Metaspace       used 62951K, capacity 64690K, committed 64844K, reserved 1105920K
  class space    used 8082K, capacity 8789K, committed 8832K, reserved 1048576K
}
Event: 16.175 GC heap after
{Heap after GC invocations=22 (full 0):
 garbage-first heap   total 69632K, used 25610K [0x00000000c8e00000, 0x0000000100000000)
  region size 1024K, 3 young (3072K), 3 survivors (3072K)
 Metaspace       used 62951K, capacity 64690K, committed 64844K, reserved 1105920K
  class space    used 8082K, capacity 8789K, committed 8832K, reserved 1048576K
}
Event: 16.584 GC heap before
{Heap before GC invocations=22 (full 0):
 garbage-first heap   total 69632K, used 50186K [0x00000000c8e00000, 0x0000000100000000)
  region size 1024K, 27 young (27648K), 3 survivors (3072K)
 Metaspace       used 64905K, capacity 66683K, committed 66892K, reserved 1107968K
  class space    used 8280K, capacity 9009K, committed 9088K, reserved 1048576K
}
Event: 16.591 GC heap after
{Heap after GC invocations=23 (full 0):
 garbage-first heap   total 69632K, used 26705K [0x00000000c8e00000, 0x0000000100000000)
  region size 1024K, 3 young (3072K), 3 survivors (3072K)
 Metaspace       used 64905K, capacity 66683K, committed 66892K, reserved 1107968K
  class space    used 8280K, capacity 9009K, committed 9088K, reserved 1048576K
}
Event: 17.040 GC heap before
{Heap before GC invocations=23 (full 0):
 garbage-first heap   total 69632K, used 51281K [0x00000000c8e00000, 0x0000000100000000)
  region size 1024K, 27 young (27648K), 3 survivors (3072K)
 Metaspace       used 66184K, capacity 68069K, committed 68300K, reserved 1107968K
  class space    used 8409K, capacity 9151K, committed 9216K, reserved 1048576K
}
Event: 17.046 GC heap after
{Heap after GC invocations=24 (full 0):
 garbage-first heap   total 69632K, used 28024K [0x00000000c8e00000, 0x0000000100000000)
  region size 1024K, 4 young (4096K), 4 survivors (4096K)
 Metaspace       used 66184K, capacity 68069K, committed 68300K, reserved 1107968K
  class space    used 8409K, capacity 9151K, committed 9216K, reserved 1048576K
}
Event: 17.660 GC heap before
{Heap before GC invocations=24 (full 0):
 garbage-first heap   total 69632K, used 52600K [0x00000000c8e00000, 0x0000000100000000)
  region size 1024K, 28 young (28672K), 4 survivors (4096K)
 Metaspace       used 68377K, capacity 70392K, committed 70732K, reserved 1110016K
  class space    used 8695K, capacity 9486K, committed 9600K, reserved 1048576K
}
Event: 17.670 GC heap after
{Heap after GC invocations=25 (full 0):
 garbage-first heap   total 69632K, used 29671K [0x00000000c8e00000, 0x0000000100000000)
  region size 1024K, 4 young (4096K), 4 survivors (4096K)
 Metaspace       used 68377K, capacity 70392K, committed 70732K, reserved 1110016K
  class space    used 8695K, capacity 9486K, committed 9600K, reserved 1048576K
}

Deoptimization events (20 events):
Event: 17.582 Thread 0x0000017e0cd49000 Uncommon trap: trap_request=0xffffffde fr.pc=0x0000017e1d00e668 relative=0x0000000000000108
Event: 17.582 Thread 0x0000017e0cd49000 Uncommon trap: reason=class_check action=maybe_recompile pc=0x0000017e1d00e668 method=org.springframework.boot.context.properties.source.ConfigurationPropertyName$Elements.charAt(II)C @ 43 c2
Event: 17.582 Thread 0x0000017e0cd49000 DEOPT PACKING pc=0x0000017e1d00e668 sp=0x000000484f1faa10
Event: 17.582 Thread 0x0000017e0cd49000 DEOPT UNPACKING pc=0x0000017e1550a1af sp=0x000000484f1fa988 mode 2
Event: 17.582 Thread 0x0000017e0cd49000 Uncommon trap: trap_request=0xffffffde fr.pc=0x0000017e1d00e668 relative=0x0000000000000108
Event: 17.582 Thread 0x0000017e0cd49000 Uncommon trap: reason=class_check action=maybe_recompile pc=0x0000017e1d00e668 method=org.springframework.boot.context.properties.source.ConfigurationPropertyName$Elements.charAt(II)C @ 43 c2
Event: 17.582 Thread 0x0000017e0cd49000 DEOPT PACKING pc=0x0000017e1d00e668 sp=0x000000484f1faa10
Event: 17.582 Thread 0x0000017e0cd49000 DEOPT UNPACKING pc=0x0000017e1550a1af sp=0x000000484f1fa988 mode 2
Event: 17.966 Thread 0x0000017e0cd49000 Uncommon trap: trap_request=0xfffffff4 fr.pc=0x0000017e1d0df698 relative=0x0000000000000258
Event: 17.966 Thread 0x0000017e0cd49000 Uncommon trap: reason=null_check action=make_not_entrant pc=0x0000017e1d0df698 method=org.springframework.util.ClassUtils.isAssignable(Ljava/lang/Class;Ljava/lang/Class;)Z @ 14 c2
Event: 17.966 Thread 0x0000017e0cd49000 DEOPT PACKING pc=0x0000017e1d0df698 sp=0x000000484f1fe7d0
Event: 17.966 Thread 0x0000017e0cd49000 DEOPT UNPACKING pc=0x0000017e1550a1af sp=0x000000484f1fe760 mode 2
Event: 18.018 Thread 0x0000017e0cd49000 DEOPT PACKING pc=0x0000017e1633ce9d sp=0x000000484f1fe590
Event: 18.018 Thread 0x0000017e0cd49000 DEOPT UNPACKING pc=0x0000017e1550a95e sp=0x000000484f1fda70 mode 0
Event: 18.065 Thread 0x0000017e0cd49000 DEOPT PACKING pc=0x0000017e1628e653 sp=0x000000484f1fda70
Event: 18.065 Thread 0x0000017e0cd49000 DEOPT UNPACKING pc=0x0000017e1550a95e sp=0x000000484f1fcf40 mode 0
Event: 18.118 Thread 0x0000017e0cd49000 DEOPT PACKING pc=0x0000017e166c9bb6 sp=0x000000484f1fed40
Event: 18.118 Thread 0x0000017e0cd49000 DEOPT UNPACKING pc=0x0000017e1550a95e sp=0x000000484f1fe218 mode 0
Event: 18.206 Thread 0x0000017e0cd49000 DEOPT PACKING pc=0x0000017e16346fa2 sp=0x000000484f1fc720
Event: 18.206 Thread 0x0000017e0cd49000 DEOPT UNPACKING pc=0x0000017e1550a95e sp=0x000000484f1fbbe8 mode 0

Classes redefined (0 events):
No events

Internal exceptions (20 events):
Event: 16.984 Thread 0x0000017e0cd49000 Exception <a 'java/lang/ClassNotFoundException'{0x00000000cbce2340}: org/springframework/web/context/ServletContextAwareCustomizer> (0x00000000cbce2340) thrown at [./src/hotspot/share/classfile/systemDictionary.cpp, line 230]
Event: 16.985 Thread 0x0000017e0cd49000 Exception <a 'java/lang/ClassNotFoundException'{0x00000000cbcf3ae8}: org/springframework/beans/factory/AwareCustomizer> (0x00000000cbcf3ae8) thrown at [./src/hotspot/share/classfile/systemDictionary.cpp, line 230]
Event: 17.219 Thread 0x0000017e0cd49000 Exception <a 'java/lang/NoSuchMethodError'{0x00000000cca8e868}: 'void java.lang.invoke.DirectMethodHandle$Holder.invokeVirtual(java.lang.Object, java.lang.Object, int)'> (0x00000000cca8e868) thrown at [./src/hotspot/share/interpreter/linkResolver.cpp, line 773]
Event: 17.223 Thread 0x0000017e0cd49000 Exception <a 'java/lang/NoSuchMethodError'{0x00000000ccaa8708}: 'void java.lang.invoke.DirectMethodHandle$Holder.invokeVirtual(java.lang.Object, java.lang.Object, long)'> (0x00000000ccaa8708) thrown at [./src/hotspot/share/interpreter/linkResolver.cpp, line 773]
Event: 17.484 Thread 0x0000017e0cd49000 Exception <a 'java/lang/IncompatibleClassChangeError'{0x00000000cbf69990}: Found class java.lang.Object, but interface was expected> (0x00000000cbf69990) thrown at [./src/hotspot/share/interpreter/linkResolver.cpp, line 839]
Event: 17.545 Thread 0x0000017e0cd49000 Exception <a 'java/lang/NoSuchMethodError'{0x00000000cbddef90}: 'int java.lang.invoke.DirectMethodHandle$Holder.invokeStaticInit(java.lang.Object, java.lang.Object, java.lang.Object, java.lang.Object)'> (0x00000000cbddef90) thrown at [./src/hotspot/share/interpreter/linkResolver.cpp, line 773]
Event: 17.617 Thread 0x0000017e0cd49000 Exception <a 'java/lang/NoSuchMethodError'{0x00000000cbbe7d88}: 'java.lang.Object java.lang.invoke.DirectMethodHandle$Holder.invokeSpecial(java.lang.Object, java.lang.Object, java.lang.Object, java.lang.Object, java.lang.Object, java.lang.Object, java.lang.Object, java.lang.Object, java.lang.Object, java.lang.Object)'> (0x00000000cbbe7d88) thrown at [./src/hotspot/share/interpreter/linkResolver.cpp, line 773]
Event: 17.617 Thread 0x0000017e0cd49000 Exception <a 'java/lang/NoSuchMethodError'{0x00000000cbbebf58}: 'java.lang.Object java.lang.invoke.Invokers$Holder.linkToTargetMethod(java.lang.Object, java.lang.Object, java.lang.Object, java.lang.Object, java.lang.Object, java.lang.Object, java.lang.Object, java.lang.Object, java.lang.Object)'> (0x00000000cbbebf58) thrown at [./src/hotspot/share/interpreter/linkResolver.cpp, line 773]
Event: 17.928 Thread 0x0000017e0cd49000 Exception <a 'java/lang/ClassNotFoundException'{0x00000000cce561d0}: java/lang/ObjectCustomizer> (0x00000000cce561d0) thrown at [./src/hotspot/share/classfile/systemDictionary.cpp, line 230]
Event: 17.930 Thread 0x0000017e0cd49000 Exception <a 'java/lang/ClassNotFoundException'{0x00000000cce71858}: org/springframework/boot/actuate/autoconfigure/metrics/task/TaskExecutorMetricsAutoConfigurationCustomizer> (0x00000000cce71858) thrown at [./src/hotspot/share/classfile/systemDictionary.cpp, line 230]
Event: 17.966 Thread 0x0000017e0cd49000 Implicit null exception at 0x0000017e1d0df45a to 0x0000017e1d0df684
Event: 18.043 Thread 0x0000017e0cd49000 Exception <a 'java/lang/NoSuchMethodError'{0x00000000cc92b600}: 'java.lang.Object java.lang.invoke.DirectMethodHandle$Holder.invokeSpecial(java.lang.Object, java.lang.Object, int, java.lang.Object, int, java.lang.Object)'> (0x00000000cc92b600) thrown at [./src/hotspot/share/interpreter/linkResolver.cpp, line 773]
Event: 18.043 Thread 0x0000017e0cd49000 Exception <a 'java/lang/NoSuchMethodError'{0x00000000cc932ae8}: 'java.lang.Object java.lang.invoke.DirectMethodHandle$Holder.invokeStatic(java.lang.Object, java.lang.Object, int, java.lang.Object, int)'> (0x00000000cc932ae8) thrown at [./src/hotspot/share/interpreter/linkResolver.cpp, line 773]
Event: 18.044 Thread 0x0000017e0cd49000 Exception <a 'java/lang/NoSuchMethodError'{0x00000000cc9362c8}: 'java.lang.Object java.lang.invoke.DirectMethodHandle$Holder.invokeSpecial(java.lang.Object, java.lang.Object, java.lang.Object, int, java.lang.Object, int)'> (0x00000000cc9362c8) thrown at [./src/hotspot/share/interpreter/linkResolver.cpp, line 773]
Event: 18.045 Thread 0x0000017e0cd49000 Exception <a 'java/lang/NoSuchMethodError'{0x00000000cc9448a8}: 'void java.lang.invoke.DirectMethodHandle$Holder.invokeVirtual(java.lang.Object, java.lang.Object)'> (0x00000000cc9448a8) thrown at [./src/hotspot/share/interpreter/linkResolver.cpp, line 773]
Event: 18.152 Thread 0x0000017e0cd49000 Exception <a 'java/lang/IncompatibleClassChangeError'{0x00000000cc66d648}: Found class java.lang.Object, but interface was expected> (0x00000000cc66d648) thrown at [./src/hotspot/share/interpreter/linkResolver.cpp, line 839]
Event: 18.175 Thread 0x0000017e0cd49000 Exception <a 'java/lang/NoSuchMethodError'{0x00000000cc6c9de0}: 'java.lang.Object java.lang.invoke.DirectMethodHandle$Holder.invokeStatic(java.lang.Object, java.lang.Object, java.lang.Object, java.lang.Object, java.lang.Object, java.lang.Object, java.lang.Object, java.lang.Object, java.lang.Object, java.lang.Object, java.lang.Object, int)'> (0x00000000cc6c9de0) thrown at [./src/hotspot/share/interpreter/linkResolver.cpp, line 773]
Event: 18.177 Thread 0x0000017e0cd49000 Exception <a 'java/lang/NoSuchMethodError'{0x00000000cc6e7d68}: 'java.lang.Object java.lang.invoke.DirectMethodHandle$Holder.invokeStatic(java.lang.Object, java.lang.Object, java.lang.Object, java.lang.Object, java.lang.Object, java.lang.Object, java.lang.Object, java.lang.Object, java.lang.Object, java.lang.Object, java.lang.Object, int, int)'> (0x00000000cc6e7d68) thrown at [./src/hotspot/share/interpreter/linkResolver.cpp, line 773]
Event: 18.178 Thread 0x0000017e0cd49000 Exception <a 'java/lang/NoSuchMethodError'{0x00000000cc507f28}: 'java.lang.Object java.lang.invoke.DirectMethodHandle$Holder.invokeStatic(java.lang.Object, java.lang.Object, java.lang.Object, java.lang.Object, java.lang.Object, java.lang.Object, java.lang.Object, java.lang.Object, java.lang.Object, java.lang.Object, java.lang.Object, int, int, java.lang.Object)'> (0x00000000cc507f28) thrown at [./src/hotspot/share/interpreter/linkResolver.cpp, line 773]
Event: 18.180 Thread 0x0000017e0cd49000 Exception <a 'java/lang/NoSuchMethodError'{0x00000000cc528688}: 'java.lang.Object java.lang.invoke.DirectMethodHandle$Holder.invokeStatic(java.lang.Object, java.lang.Object, java.lang.Object, java.lang.Object, java.lang.Object, java.lang.Object, java.lang.Object, java.lang.Object, java.lang.Object, java.lang.Object, java.lang.Object, int, int, java.lang.Object, java.lang.Object)'> (0x00000000cc528688) thrown at [./src/hotspot/share/interpreter/linkResolver.cpp, line 773]

Events (20 events):
Event: 18.234 loading class io/micrometer/core/instrument/MeterRegistry
Event: 18.234 loading class io/micrometer/core/instrument/MeterRegistry done
Event: 18.234 loading class io/micrometer/core/instrument/binder/tomcat/TomcatMetrics
Event: 18.234 loading class io/micrometer/core/instrument/binder/tomcat/TomcatMetrics done
Event: 18.235 loading class io/micrometer/core/instrument/MeterRegistry
Event: 18.235 loading class io/micrometer/core/instrument/MeterRegistry done
Event: 18.235 loading class io/micrometer/core/instrument/binder/tomcat/TomcatMetrics
Event: 18.235 loading class io/micrometer/core/instrument/binder/tomcat/TomcatMetrics done
Event: 18.235 loading class org/apache/catalina/Manager
Event: 18.235 loading class org/apache/catalina/Manager done
Event: 18.238 loading class org/springframework/boot/ApplicationRunner
Event: 18.238 loading class org/springframework/boot/ApplicationRunner done
Event: 18.240 loading class org/springframework/boot/CommandLineRunner
Event: 18.240 loading class org/springframework/boot/CommandLineRunner done
Event: 18.241 loading class org/springframework/context/ConfigurableApplicationContext
Event: 18.241 loading class org/springframework/context/ConfigurableApplicationContext done
Event: 18.241 loading class org/springframework/context/ConfigurableApplicationContext
Event: 18.241 loading class org/springframework/context/ConfigurableApplicationContext done
Event: 18.243 Thread 0x0000017e0cd49000 Thread exited: 0x0000017e0cd49000
Event: 18.243 Thread 0x0000017e2e5bc800 Thread added: 0x0000017e2e5bc800


Dynamic libraries:
0x00007ff61de60000 - 0x00007ff61de6d000 	C:\Program Files\Amazon Corretto\jdk11.0.17_8\bin\java.exe
0x00007fff8c130000 - 0x00007fff8c325000 	C:\Windows\SYSTEM32\ntdll.dll
0x00007fff8b900000 - 0x00007fff8b9bd000 	C:\Windows\System32\KERNEL32.DLL
0x00007fff89da0000 - 0x00007fff8a068000 	C:\Windows\System32\KERNELBASE.dll
0x00007fff89a00000 - 0x00007fff89b00000 	C:\Windows\System32\ucrtbase.dll
0x00007fff7ec50000 - 0x00007fff7ec69000 	C:\Program Files\Amazon Corretto\jdk11.0.17_8\bin\VCRUNTIME140.dll
0x00007fff81cb0000 - 0x00007fff81cc7000 	C:\Program Files\Amazon Corretto\jdk11.0.17_8\bin\jli.dll
0x00007fff8a7e0000 - 0x00007fff8a980000 	C:\Windows\System32\USER32.dll
0x00007fff88530000 - 0x00007fff887ca000 	C:\Windows\WinSxS\amd64_microsoft.windows.common-controls_6595b64144ccf1df_6.0.19041.1052_none_60b8f8fd71f5e8cb\COMCTL32.dll
0x00007fff89ca0000 - 0x00007fff89cc2000 	C:\Windows\System32\win32u.dll
0x00007fff8b7c0000 - 0x00007fff8b85e000 	C:\Windows\System32\msvcrt.dll
0x00007fff8a7b0000 - 0x00007fff8a7da000 	C:\Windows\System32\GDI32.dll
0x00007fff89b90000 - 0x00007fff89c9b000 	C:\Windows\System32\gdi32full.dll
0x00007fff89d00000 - 0x00007fff89d9d000 	C:\Windows\System32\msvcp_win.dll
0x00007fff8ad70000 - 0x00007fff8ada0000 	C:\Windows\System32\IMM32.DLL
0x00007fff60d90000 - 0x00007fff60e2b000 	C:\Program Files\Amazon Corretto\jdk11.0.17_8\bin\msvcp140.dll
0x00007fff53c20000 - 0x00007fff547a5000 	C:\Program Files\Amazon Corretto\jdk11.0.17_8\bin\server\jvm.dll
0x00007fff8aa70000 - 0x00007fff8ab1c000 	C:\Windows\System32\ADVAPI32.dll
0x00007fff8b860000 - 0x00007fff8b8fb000 	C:\Windows\System32\sechost.dll
0x00007fff8ac40000 - 0x00007fff8ad6b000 	C:\Windows\System32\RPCRT4.dll
0x00007fff8c050000 - 0x00007fff8c058000 	C:\Windows\System32\PSAPI.DLL
0x00007fff87d70000 - 0x00007fff87d97000 	C:\Windows\SYSTEM32\WINMM.dll
0x00007fff75b70000 - 0x00007fff75b79000 	C:\Windows\SYSTEM32\WSOCK32.dll
0x00007fff82840000 - 0x00007fff8284a000 	C:\Windows\SYSTEM32\VERSION.dll
0x00007fff8b9c0000 - 0x00007fff8ba2b000 	C:\Windows\System32\WS2_32.dll
0x00007fff87480000 - 0x00007fff87492000 	C:\Windows\SYSTEM32\kernel.appcore.dll
0x00007fff835e0000 - 0x00007fff835f0000 	C:\Program Files\Amazon Corretto\jdk11.0.17_8\bin\verify.dll
0x00007fff77100000 - 0x00007fff772e4000 	C:\Windows\SYSTEM32\DBGHELP.DLL
0x00007fff77030000 - 0x00007fff7705c000 	C:\Windows\SYSTEM32\dbgcore.DLL
0x00007fff89b00000 - 0x00007fff89b83000 	C:\Windows\System32\bcryptPrimitives.dll
0x00007fff7a4f0000 - 0x00007fff7a518000 	C:\Program Files\Amazon Corretto\jdk11.0.17_8\bin\java.dll
0x00007fff820b0000 - 0x00007fff820ba000 	C:\Program Files\Amazon Corretto\jdk11.0.17_8\bin\jimage.dll
0x00007fff82040000 - 0x00007fff8204e000 	C:\Program Files\Amazon Corretto\jdk11.0.17_8\bin\instrument.dll
0x00007fff7d030000 - 0x00007fff7d048000 	C:\Program Files\Amazon Corretto\jdk11.0.17_8\bin\zip.dll
0x00007fff8ada0000 - 0x00007fff8b4df000 	C:\Windows\System32\SHELL32.dll
0x00007fff87da0000 - 0x00007fff88530000 	C:\Windows\SYSTEM32\windows.storage.dll
0x00007fff8bb10000 - 0x00007fff8be65000 	C:\Windows\System32\combase.dll
0x00007fff891e0000 - 0x00007fff8920c000 	C:\Windows\SYSTEM32\Wldp.dll
0x00007fff8b710000 - 0x00007fff8b7be000 	C:\Windows\System32\SHCORE.dll
0x00007fff8c060000 - 0x00007fff8c0b5000 	C:\Windows\System32\shlwapi.dll
0x00007fff89780000 - 0x00007fff8979f000 	C:\Windows\SYSTEM32\profapi.dll
0x00007fff7a4d0000 - 0x00007fff7a4e9000 	C:\Program Files\Amazon Corretto\jdk11.0.17_8\bin\net.dll
0x00007fff7b300000 - 0x00007fff7b40b000 	C:\Windows\SYSTEM32\WINHTTP.dll
0x00007fff88f00000 - 0x00007fff88f6a000 	C:\Windows\system32\mswsock.dll
0x00007fff79490000 - 0x00007fff794a3000 	C:\Program Files\Amazon Corretto\jdk11.0.17_8\bin\nio.dll
0x00007fff743e0000 - 0x00007fff743fa000 	C:\Program Files\JetBrains\IntelliJ IDEA Community Edition 2022.3\bin\breakgen64.dll
0x00007fff80560000 - 0x00007fff80569000 	C:\Program Files\Amazon Corretto\jdk11.0.17_8\bin\management.dll
0x00007fff7ef10000 - 0x00007fff7ef1b000 	C:\Program Files\Amazon Corretto\jdk11.0.17_8\bin\management_ext.dll
0x00007fff69d70000 - 0x00007fff69d87000 	C:\Windows\system32\napinsp.dll
0x00007fff69d50000 - 0x00007fff69d6b000 	C:\Windows\system32\pnrpnsp.dll
0x00007fff83c40000 - 0x00007fff83c55000 	C:\Windows\system32\wshbth.dll
0x00007fff84fc0000 - 0x00007fff84fdd000 	C:\Windows\system32\NLAapi.dll
0x00007fff88c00000 - 0x00007fff88c3b000 	C:\Windows\SYSTEM32\IPHLPAPI.DLL
0x00007fff88c40000 - 0x00007fff88d0c000 	C:\Windows\SYSTEM32\DNSAPI.dll
0x00007fff8a7a0000 - 0x00007fff8a7a8000 	C:\Windows\System32\NSI.dll
0x00007fff69cd0000 - 0x00007fff69ce2000 	C:\Windows\System32\winrnr.dll
0x00007fff7a4b0000 - 0x00007fff7a4ba000 	C:\Windows\System32\rasadhlp.dll
0x00007fff7b430000 - 0x00007fff7b4af000 	C:\Windows\System32\fwpuclnt.dll
0x00007fff89cd0000 - 0x00007fff89cf7000 	C:\Windows\System32\bcrypt.dll
0x00007fff890d0000 - 0x00007fff890e8000 	C:\Windows\SYSTEM32\CRYPTSP.dll
0x000000006a530000 - 0x000000006a549000 	C:\Program Files\Common Files\Crypto Pro\AppCompat\cpadvai.dll
0x00007fff888b0000 - 0x00007fff888e4000 	C:\Windows\system32\rsaenh.dll
0x00007fff89740000 - 0x00007fff8976e000 	C:\Windows\SYSTEM32\USERENV.dll
0x00007fff890f0000 - 0x00007fff890fc000 	C:\Windows\SYSTEM32\CRYPTBASE.dll
0x00007fff7f950000 - 0x00007fff7f967000 	C:\Windows\SYSTEM32\dhcpcsvc6.DLL
0x00007fff82370000 - 0x00007fff8238d000 	C:\Windows\SYSTEM32\dhcpcsvc.DLL
0x00007fff7cfe0000 - 0x00007fff7cfee000 	C:\Program Files\Amazon Corretto\jdk11.0.17_8\bin\sunmscapi.dll
0x00007fff898a0000 - 0x00007fff899ff000 	C:\Windows\System32\CRYPT32.dll
0x00007fff89250000 - 0x00007fff89277000 	C:\Windows\SYSTEM32\ncrypt.dll
0x000000006a550000 - 0x000000006a574000 	C:\Program Files\Common Files\Crypto Pro\AppCompat\cpcrypt.dll
0x00007fff89210000 - 0x00007fff8924b000 	C:\Windows\SYSTEM32\NTASN1.dll
0x00007fff732e0000 - 0x00007fff73305000 	C:\Program Files\Amazon Corretto\jdk11.0.17_8\bin\sunec.dll

dbghelp: loaded successfully - version: 4.0.5 - missing functions: none
symbol engine: initialized successfully - sym options: 0x614 - pdb path: .;C:\Program Files\Amazon Corretto\jdk11.0.17_8\bin;C:\Windows\SYSTEM32;C:\Windows\WinSxS\amd64_microsoft.windows.common-controls_6595b64144ccf1df_6.0.19041.1052_none_60b8f8fd71f5e8cb;C:\Program Files\Amazon Corretto\jdk11.0.17_8\bin\server;C:\Program Files\JetBrains\IntelliJ IDEA Community Edition 2022.3\bin;C:\Program Files\Common Files\Crypto Pro\AppCompat

VM Arguments:
jvm_args: -javaagent:C:\Program Files\JetBrains\IntelliJ IDEA Community Edition 2022.3\lib\idea_rt.jar=56925:C:\Program Files\JetBrains\IntelliJ IDEA Community Edition 2022.3\bin -Dfile.encoding=UTF-8 
java_command: ru.practicum.exploreWithMe.EwmApp
java_class_path (initial): C:\Users\charl\Praktikum\java-explore-with-me\ewm-service\target\classes;C:\Users\charl\.m2\repository\org\springframework\boot\spring-boot-starter-actuator\2.7.5\spring-boot-starter-actuator-2.7.5.jar;C:\Users\charl\.m2\repository\org\springframework\boot\spring-boot-actuator-autoconfigure\2.7.5\spring-boot-actuator-autoconfigure-2.7.5.jar;C:\Users\charl\.m2\repository\org\springframework\boot\spring-boot-actuator\2.7.5\spring-boot-actuator-2.7.5.jar;C:\Users\charl\.m2\repository\com\fasterxml\jackson\core\jackson-databind\2.13.4.2\jackson-databind-2.13.4.2.jar;C:\Users\charl\.m2\repository\com\fasterxml\jackson\core\jackson-annotations\2.13.4\jackson-annotations-2.13.4.jar;C:\Users\charl\.m2\repository\com\fasterxml\jackson\core\jackson-core\2.13.4\jackson-core-2.13.4.jar;C:\Users\charl\.m2\repository\com\fasterxml\jackson\datatype\jackson-datatype-jsr310\2.13.4\jackson-datatype-jsr310-2.13.4.jar;C:\Users\charl\.m2\repository\io\micrometer\micrometer-core\1.9.5\micrometer-core-1.9.5.jar;C:\Users\charl\.m2\repository\org\hdrhistogram\HdrHistogram\2.1.12\HdrHistogram-2.1.12.jar;C:\Users\charl\.m2\repository\org\latencyutils\LatencyUtils\2.0.3\LatencyUtils-2.0.3.jar;C:\Users\charl\.m2\repository\jakarta\validation\jakarta.validation-api\2.0.2\jakarta.validation-api-2.0.2.jar;C:\Users\charl\Praktikum\java-explore-with-me\stats-service\stats-client\target\classes;C:\Users\charl\Praktikum\java-explore-with-me\stats-service\stats-dto\target\classes;C:\Users\charl\.m2\repository\org\apache\httpcomponents\httpclient\4.5.13\httpclient-4.5.13.jar;C:\Users\charl\.m2\repository\org\apache\httpcomponents\httpcore\4.4.15\httpcore-4.4.15.jar;C:\Users\charl\.m2\repository\commons-codec\commons-codec\1.15\commons-codec-1.15.jar;C:\Users\charl\.m2\repository\org\springframework\boot\spring-boot-starter-validation\2.7.5\spring-boot-starter-validation-2.7.5.jar;C:\Users\charl\.m2\repository\org\apache\tomcat\embed\tomcat-embed-el\9.0.68\tomcat-embed-el-9.0
Launcher Type: SUN_STANDARD

[Global flags]
     intx CICompilerCount                          = 3                                         {product} {ergonomic}
     uint ConcGCThreads                            = 1                                         {product} {ergonomic}
     uint G1ConcRefinementThreads                  = 4                                         {product} {ergonomic}
   size_t G1HeapRegionSize                         = 1048576                                   {product} {ergonomic}
    uintx GCDrainStackTargetSize                   = 64                                        {product} {ergonomic}
   size_t InitialHeapSize                          = 58720256                                  {product} {ergonomic}
   size_t MarkStackSize                            = 4194304                                   {product} {ergonomic}
   size_t MaxHeapSize                              = 924844032                                 {product} {ergonomic}
   size_t MaxNewSize                               = 554696704                                 {product} {ergonomic}
   size_t MinHeapDeltaBytes                        = 1048576                                   {product} {ergonomic}
    uintx NonNMethodCodeHeapSize                   = 5830732                                {pd product} {ergonomic}
    uintx NonProfiledCodeHeapSize                  = 122913754                              {pd product} {ergonomic}
    uintx ProfiledCodeHeapSize                     = 122913754                              {pd product} {ergonomic}
    uintx ReservedCodeCacheSize                    = 251658240                              {pd product} {ergonomic}
     bool SegmentedCodeCache                       = true                                      {product} {ergonomic}
     bool UseCompressedClassPointers               = true                                 {lp64_product} {ergonomic}
     bool UseCompressedOops                        = true                                 {lp64_product} {ergonomic}
     bool UseG1GC                                  = true                                      {product} {ergonomic}
     bool UseLargePagesIndividualAllocation        = false                                  {pd product} {ergonomic}

Logging:
Log output configuration:
 #0: stdout all=warning uptime,level,tags
 #1: stderr all=off uptime,level,tags

Environment Variables:
JAVA_HOME=C:\Program Files\Amazon Corretto\jdk11.0.17_8
PATH=C:\Program Files (x86)\Common Files\Oracle\Java\javapath;C:\Program Files\Amazon Corretto\jdk11.0.17_8\bin;C:\Windows\system32;C:\Windows;C:\Windows\System32\Wbem;C:\Windows\System32\WindowsPowerShell\v1.0\;C:\Windows\System32\OpenSSH\;C:\Program Files\dotnet\;C:\Program Files (x86)\dotnet\;C:\Program Files\Git\cmd;C:\Users\charl\AppData\Local\Microsoft\WindowsApps;C:\Users\charl\.dotnet\tools;C:\Program Files\JetBrains\IntelliJ IDEA Community Edition 2022.3\bin;
USERNAME=charl
OS=Windows_NT
PROCESSOR_IDENTIFIER=AMD64 Family 23 Model 24 Stepping 1, AuthenticAMD
TMP=C:\Users\charl\AppData\Local\Temp
TEMP=C:\Users\charl\AppData\Local\Temp



---------------  S Y S T E M  ---------------

OS: Windows 10 , 64 bit Build 19041 (10.0.19041.1023)
OS uptime: 11 days 20:15 hours
Hyper-V role detected

CPU:total 4 (initial active 4) (4 cores per cpu, 2 threads per core) family 23 model 24 stepping 1 microcode 0x0, cmov, cx8, fxsr, mmx, sse, sse2, sse3, ssse3, sse4.1, sse4.2, popcnt, avx, avx2, aes, clmul, mmxext, 3dnowpref, lzcnt, sse4a, ht, tsc, tscinvbit, tscinv, bmi1, bmi2, adx, sha, fma

Memory: 4k page, system-wide physical 3526M (177M free)
TotalPageFile size 14278M (AvailPageFile size 7M)
current process WorkingSet (physical memory assigned to process): 185M, peak: 190M
current process commit charge ("private bytes"): 276M, peak: 279M

vm_info: OpenJDK 64-Bit Server VM (11.0.17+8-LTS) for windows-amd64 JRE (11.0.17+8-LTS), built on Oct 14 2022 18:02:01 by "Administrator" with MS VC++ 15.9 (VS2017)

END.
